----------

Thu Nov 18 2021 12:51:21 GMT-0600 (Central Standard Time)

Script /Users/robertwrobel/MyWebsite/rjwrobel86.github.io/export.sh couldn't be run

----------

Thu Nov 18 2021 12:51:42 GMT-0600 (Central Standard Time)

mv: /Users/robertwrobel/Website/rjwrobel.github.io/ is not a directory


----------

Thu Nov 18 2021 12:51:42 GMT-0600 (Central Standard Time)

fatal: not a git repository (or any of the parent directories): .git


----------

Thu Nov 18 2021 12:51:42 GMT-0600 (Central Standard Time)

fatal: not a git repository (or any of the parent directories): .git


----------

Thu Nov 18 2021 12:51:42 GMT-0600 (Central Standard Time)

fatal: not a git repository (or any of the parent directories): .git


----------

Thu Nov 18 2021 21:32:47 GMT-0600 (Central Standard Time)

Script /Users/robertwrobel/Website/export.sh couldn't be run

----------

Thu Nov 18 2021 22:22:19 GMT-0600 (Central Standard Time)

Script /Users/robertwrobel/Website/export.sh couldn't be run

----------

Thu Nov 18 2021 22:22:44 GMT-0600 (Central Standard Time)

Script /Users/robertwrobel/Website/export.sh couldn't be run

----------

Thu Nov 18 2021 22:58:14 GMT-0600 (Central Standard Time)

Script /Users/robertwrobel/Website/export.sh couldn't be run

----------

Thu Nov 18 2021 23:02:57 GMT-0600 (Central Standard Time)

fatal: not a git repository (or any of the parent directories): .git


----------

Thu Nov 18 2021 23:02:57 GMT-0600 (Central Standard Time)

fatal: not a git repository (or any of the parent directories): .git


----------

Thu Nov 18 2021 23:02:57 GMT-0600 (Central Standard Time)

fatal: not a git repository (or any of the parent directories): .git


----------

Thu Nov 18 2021 23:04:37 GMT-0600 (Central Standard Time)

fatal: not a git repository (or any of the parent directories): .git


----------

Thu Nov 18 2021 23:04:37 GMT-0600 (Central Standard Time)

fatal: not a git repository (or any of the parent directories): .git


----------

Thu Nov 18 2021 23:04:37 GMT-0600 (Central Standard Time)

fatal: not a git repository (or any of the parent directories): .git


----------

Thu Nov 18 2021 23:07:37 GMT-0600 (Central Standard Time)

fatal: not a git repository (or any of the parent directories): .git


----------

Thu Nov 18 2021 23:07:37 GMT-0600 (Central Standard Time)

fatal: not a git repository (or any of the parent directories): .git


----------

Thu Nov 18 2021 23:07:37 GMT-0600 (Central Standard Time)

fatal: not a git repository (or any of the parent directories): .git


----------

Thu Nov 18 2021 23:22:23 GMT-0600 (Central Standard Time)

fatal: not a git repository (or any of the parent directories): .git


----------

Thu Nov 18 2021 23:22:23 GMT-0600 (Central Standard Time)

fatal: not a git repository (or any of the parent directories): .git


----------

Thu Nov 18 2021 23:22:23 GMT-0600 (Central Standard Time)

fatal: not a git repository (or any of the parent directories): .git


----------

Thu Nov 18 2021 23:24:14 GMT-0600 (Central Standard Time)

fatal: not a git repository (or any of the parent directories): .git


----------

Thu Nov 18 2021 23:24:14 GMT-0600 (Central Standard Time)

fatal: not a git repository (or any of the parent directories): .git


----------

Thu Nov 18 2021 23:24:14 GMT-0600 (Central Standard Time)

fatal: not a git repository (or any of the parent directories): .git


----------

Thu Nov 18 2021 23:27:34 GMT-0600 (Central Standard Time)

fatal: not a git repository (or any of the parent directories): .git


----------

Thu Nov 18 2021 23:27:34 GMT-0600 (Central Standard Time)

fatal: not a git repository (or any of the parent directories): .git


----------

Thu Nov 18 2021 23:27:34 GMT-0600 (Central Standard Time)

fatal: not a git repository (or any of the parent directories): .git


----------

Fri Nov 19 2021 16:36:38 GMT-0600 (Central Standard Time)

fatal: not a git repository (or any of the parent directories): .git


----------

Fri Nov 19 2021 16:36:38 GMT-0600 (Central Standard Time)

fatal: not a git repository (or any of the parent directories): .git


----------

Fri Nov 19 2021 16:36:38 GMT-0600 (Central Standard Time)

fatal: not a git repository (or any of the parent directories): .git


----------

Fri Nov 19 2021 16:36:46 GMT-0600 (Central Standard Time)

fatal: not a git repository (or any of the parent directories): .git


----------

Fri Nov 19 2021 16:36:46 GMT-0600 (Central Standard Time)

fatal: not a git repository (or any of the parent directories): .git


----------

Fri Nov 19 2021 16:36:46 GMT-0600 (Central Standard Time)

fatal: not a git repository (or any of the parent directories): .git


----------

Fri Nov 19 2021 18:25:14 GMT-0600 (Central Standard Time)

fatal: not a git repository (or any of the parent directories): .git


----------

Fri Nov 19 2021 18:25:14 GMT-0600 (Central Standard Time)

fatal: not a git repository (or any of the parent directories): .git


----------

Fri Nov 19 2021 18:25:14 GMT-0600 (Central Standard Time)

fatal: not a git repository (or any of the parent directories): .git


----------

Fri Nov 19 2021 23:51:30 GMT-0600 (Central Standard Time)

fatal: not a git repository (or any of the parent directories): .git


----------

Fri Nov 19 2021 23:51:30 GMT-0600 (Central Standard Time)

fatal: not a git repository (or any of the parent directories): .git


----------

Fri Nov 19 2021 23:51:30 GMT-0600 (Central Standard Time)

fatal: not a git repository (or any of the parent directories): .git


----------

Sat Nov 20 2021 00:03:53 GMT-0600 (Central Standard Time)

fatal: not a git repository (or any of the parent directories): .git


----------

Sat Nov 20 2021 00:03:53 GMT-0600 (Central Standard Time)

fatal: not a git repository (or any of the parent directories): .git


----------

Sat Nov 20 2021 00:03:53 GMT-0600 (Central Standard Time)

fatal: not a git repository (or any of the parent directories): .git


----------

Sat Nov 20 2021 00:04:32 GMT-0600 (Central Standard Time)

fatal: not a git repository (or any of the parent directories): .git


----------

Sat Nov 20 2021 00:04:32 GMT-0600 (Central Standard Time)

fatal: not a git repository (or any of the parent directories): .git


----------

Sat Nov 20 2021 00:04:32 GMT-0600 (Central Standard Time)

fatal: not a git repository (or any of the parent directories): .git


----------

Sat Nov 20 2021 00:09:39 GMT-0600 (Central Standard Time)

fatal: not a git repository (or any of the parent directories): .git


----------

Sat Nov 20 2021 00:09:39 GMT-0600 (Central Standard Time)

fatal: not a git repository (or any of the parent directories): .git


----------

Sat Nov 20 2021 00:09:39 GMT-0600 (Central Standard Time)

fatal: not a git repository (or any of the parent directories): .git


----------

Sat Nov 20 2021 00:24:29 GMT-0600 (Central Standard Time)

fatal: not a git repository (or any of the parent directories): .git


----------

Sat Nov 20 2021 00:24:29 GMT-0600 (Central Standard Time)

fatal: not a git repository (or any of the parent directories): .git


----------

Sat Nov 20 2021 00:24:29 GMT-0600 (Central Standard Time)

fatal: not a git repository (or any of the parent directories): .git


----------

Sat Nov 20 2021 00:26:45 GMT-0600 (Central Standard Time)

fatal: not a git repository (or any of the parent directories): .git


----------

Sat Nov 20 2021 00:26:45 GMT-0600 (Central Standard Time)

fatal: not a git repository (or any of the parent directories): .git


----------

Sat Nov 20 2021 00:26:45 GMT-0600 (Central Standard Time)

fatal: not a git repository (or any of the parent directories): .git


----------

Sat Nov 20 2021 14:55:53 GMT-0600 (Central Standard Time)

fatal: not a git repository (or any of the parent directories): .git


----------

Sat Nov 20 2021 14:55:53 GMT-0600 (Central Standard Time)

fatal: not a git repository (or any of the parent directories): .git


----------

Sat Nov 20 2021 14:55:53 GMT-0600 (Central Standard Time)

fatal: not a git repository (or any of the parent directories): .git


----------

Sat Nov 20 2021 15:00:13 GMT-0600 (Central Standard Time)

fatal: not a git repository (or any of the parent directories): .git


----------

Sat Nov 20 2021 15:00:13 GMT-0600 (Central Standard Time)

fatal: not a git repository (or any of the parent directories): .git


----------

Sat Nov 20 2021 15:00:13 GMT-0600 (Central Standard Time)

fatal: not a git repository (or any of the parent directories): .git


----------

Sat Nov 20 2021 15:00:53 GMT-0600 (Central Standard Time)

fatal: not a git repository (or any of the parent directories): .git


----------

Sat Nov 20 2021 15:00:53 GMT-0600 (Central Standard Time)

fatal: not a git repository (or any of the parent directories): .git


----------

Sat Nov 20 2021 15:00:53 GMT-0600 (Central Standard Time)

fatal: not a git repository (or any of the parent directories): .git


----------

Sat Nov 20 2021 15:15:28 GMT-0600 (Central Standard Time)

fatal: not a git repository (or any of the parent directories): .git


----------

Sat Nov 20 2021 15:15:28 GMT-0600 (Central Standard Time)

fatal: not a git repository (or any of the parent directories): .git


----------

Sat Nov 20 2021 15:15:28 GMT-0600 (Central Standard Time)

fatal: not a git repository (or any of the parent directories): .git


----------

Sun Nov 21 2021 22:36:56 GMT-0600 (Central Standard Time)

fatal: not a git repository (or any of the parent directories): .git


----------

Sun Nov 21 2021 22:36:56 GMT-0600 (Central Standard Time)

fatal: not a git repository (or any of the parent directories): .git


----------

Sun Nov 21 2021 22:36:56 GMT-0600 (Central Standard Time)

fatal: not a git repository (or any of the parent directories): .git


----------

Mon Nov 22 2021 22:44:59 GMT-0600 (Central Standard Time)

fatal: not a git repository (or any of the parent directories): .git
fatal: not a git repository (or any of the parent directories): .git
fatal: not a git repository (or any of the parent directories): .git


----------

Mon Nov 22 2021 22:51:55 GMT-0600 (Central Standard Time)

fatal: not a git repository (or any of the parent directories): .git


----------

Mon Nov 22 2021 22:51:55 GMT-0600 (Central Standard Time)

fatal: not a git repository (or any of the parent directories): .git


----------

Mon Nov 22 2021 22:51:55 GMT-0600 (Central Standard Time)

fatal: not a git repository (or any of the parent directories): .git


----------

Mon Nov 22 2021 23:56:55 GMT-0600 (Central Standard Time)

fatal: not a git repository (or any of the parent directories): .git


----------

Mon Nov 22 2021 23:56:55 GMT-0600 (Central Standard Time)

fatal: not a git repository (or any of the parent directories): .git


----------

Mon Nov 22 2021 23:56:55 GMT-0600 (Central Standard Time)

fatal: not a git repository (or any of the parent directories): .git


----------

Tue Nov 23 2021 00:00:32 GMT-0600 (Central Standard Time)

fatal: not a git repository (or any of the parent directories): .git


----------

Tue Nov 23 2021 00:00:32 GMT-0600 (Central Standard Time)

fatal: not a git repository (or any of the parent directories): .git


----------

Tue Nov 23 2021 00:00:32 GMT-0600 (Central Standard Time)

fatal: not a git repository (or any of the parent directories): .git


----------

Tue Nov 23 2021 00:17:06 GMT-0600 (Central Standard Time)

fatal: not a git repository (or any of the parent directories): .git


----------

Tue Nov 23 2021 00:17:06 GMT-0600 (Central Standard Time)

fatal: not a git repository (or any of the parent directories): .git


----------

Tue Nov 23 2021 00:17:06 GMT-0600 (Central Standard Time)

fatal: not a git repository (or any of the parent directories): .git


----------

Tue Nov 23 2021 00:32:45 GMT-0600 (Central Standard Time)

fatal: not a git repository (or any of the parent directories): .git


----------

Tue Nov 23 2021 00:32:45 GMT-0600 (Central Standard Time)

fatal: not a git repository (or any of the parent directories): .git


----------

Tue Nov 23 2021 00:32:45 GMT-0600 (Central Standard Time)

fatal: not a git repository (or any of the parent directories): .git


----------

Tue Nov 23 2021 00:34:51 GMT-0600 (Central Standard Time)

fatal: not a git repository (or any of the parent directories): .git


----------

Tue Nov 23 2021 00:34:51 GMT-0600 (Central Standard Time)

fatal: not a git repository (or any of the parent directories): .git


----------

Tue Nov 23 2021 00:34:51 GMT-0600 (Central Standard Time)

fatal: not a git repository (or any of the parent directories): .git


----------

Tue Nov 23 2021 16:54:46 GMT-0600 (Central Standard Time)

fatal: not a git repository (or any of the parent directories): .git


----------

Tue Nov 23 2021 16:54:46 GMT-0600 (Central Standard Time)

fatal: not a git repository (or any of the parent directories): .git


----------

Tue Nov 23 2021 16:54:46 GMT-0600 (Central Standard Time)

fatal: not a git repository (or any of the parent directories): .git


----------

Wed Nov 24 2021 09:29:30 GMT-0600 (Central Standard Time)

fatal: not a git repository (or any of the parent directories): .git


----------

Wed Nov 24 2021 09:29:30 GMT-0600 (Central Standard Time)

fatal: not a git repository (or any of the parent directories): .git


----------

Wed Nov 24 2021 09:29:30 GMT-0600 (Central Standard Time)

fatal: not a git repository (or any of the parent directories): .git


----------

Wed Nov 24 2021 10:35:46 GMT-0600 (Central Standard Time)

fatal: not a git repository (or any of the parent directories): .git


----------

Wed Nov 24 2021 10:35:46 GMT-0600 (Central Standard Time)

fatal: not a git repository (or any of the parent directories): .git


----------

Wed Nov 24 2021 10:35:46 GMT-0600 (Central Standard Time)

fatal: not a git repository (or any of the parent directories): .git


----------

Wed Nov 24 2021 21:49:24 GMT-0600 (Central Standard Time)

fatal: not a git repository (or any of the parent directories): .git


----------

Wed Nov 24 2021 21:49:24 GMT-0600 (Central Standard Time)

fatal: not a git repository (or any of the parent directories): .git


----------

Wed Nov 24 2021 21:49:24 GMT-0600 (Central Standard Time)

fatal: not a git repository (or any of the parent directories): .git


----------

Thu Nov 25 2021 04:18:24 GMT-0600 (Central Standard Time)

fatal: not a git repository (or any of the parent directories): .git


----------

Thu Nov 25 2021 04:18:24 GMT-0600 (Central Standard Time)

fatal: not a git repository (or any of the parent directories): .git


----------

Thu Nov 25 2021 04:18:24 GMT-0600 (Central Standard Time)

fatal: not a git repository (or any of the parent directories): .git


----------

Thu Nov 25 2021 04:25:48 GMT-0600 (Central Standard Time)

fatal: not a git repository (or any of the parent directories): .git


----------

Thu Nov 25 2021 04:25:48 GMT-0600 (Central Standard Time)

fatal: not a git repository (or any of the parent directories): .git


----------

Thu Nov 25 2021 04:25:48 GMT-0600 (Central Standard Time)

fatal: not a git repository (or any of the parent directories): .git


----------

Thu Nov 25 2021 04:30:12 GMT-0600 (Central Standard Time)

fatal: not a git repository (or any of the parent directories): .git


----------

Thu Nov 25 2021 04:30:12 GMT-0600 (Central Standard Time)

fatal: not a git repository (or any of the parent directories): .git


----------

Thu Nov 25 2021 04:30:12 GMT-0600 (Central Standard Time)

fatal: not a git repository (or any of the parent directories): .git


----------

Thu Nov 25 2021 04:35:28 GMT-0600 (Central Standard Time)

fatal: not a git repository (or any of the parent directories): .git


----------

Thu Nov 25 2021 04:35:28 GMT-0600 (Central Standard Time)

fatal: not a git repository (or any of the parent directories): .git


----------

Thu Nov 25 2021 04:35:28 GMT-0600 (Central Standard Time)

fatal: not a git repository (or any of the parent directories): .git


----------

Thu Nov 25 2021 04:38:01 GMT-0600 (Central Standard Time)

fatal: not a git repository (or any of the parent directories): .git


----------

Thu Nov 25 2021 04:38:01 GMT-0600 (Central Standard Time)

fatal: not a git repository (or any of the parent directories): .git


----------

Thu Nov 25 2021 04:38:01 GMT-0600 (Central Standard Time)

fatal: not a git repository (or any of the parent directories): .git


----------

Thu Nov 25 2021 04:47:29 GMT-0600 (Central Standard Time)

fatal: not a git repository (or any of the parent directories): .git


----------

Thu Nov 25 2021 04:47:29 GMT-0600 (Central Standard Time)

fatal: not a git repository (or any of the parent directories): .git


----------

Thu Nov 25 2021 04:47:29 GMT-0600 (Central Standard Time)

fatal: not a git repository (or any of the parent directories): .git


----------

Thu Nov 25 2021 04:50:29 GMT-0600 (Central Standard Time)

fatal: not a git repository (or any of the parent directories): .git


----------

Thu Nov 25 2021 04:50:29 GMT-0600 (Central Standard Time)

fatal: not a git repository (or any of the parent directories): .git


----------

Thu Nov 25 2021 04:50:29 GMT-0600 (Central Standard Time)

fatal: not a git repository (or any of the parent directories): .git


----------

Wed Dec 01 2021 23:39:35 GMT-0600 (Central Standard Time)

fatal: not a git repository (or any of the parent directories): .git


----------

Wed Dec 01 2021 23:39:35 GMT-0600 (Central Standard Time)

fatal: not a git repository (or any of the parent directories): .git


----------

Wed Dec 01 2021 23:39:35 GMT-0600 (Central Standard Time)

fatal: not a git repository (or any of the parent directories): .git


----------

Wed Dec 01 2021 23:46:13 GMT-0600 (Central Standard Time)

fatal: not a git repository (or any of the parent directories): .git


----------

Wed Dec 01 2021 23:46:13 GMT-0600 (Central Standard Time)

fatal: not a git repository (or any of the parent directories): .git


----------

Wed Dec 01 2021 23:46:13 GMT-0600 (Central Standard Time)

fatal: not a git repository (or any of the parent directories): .git


----------

Wed Dec 01 2021 23:50:13 GMT-0600 (Central Standard Time)

fatal: not a git repository (or any of the parent directories): .git


----------

Wed Dec 01 2021 23:50:13 GMT-0600 (Central Standard Time)

fatal: not a git repository (or any of the parent directories): .git


----------

Wed Dec 01 2021 23:50:13 GMT-0600 (Central Standard Time)

fatal: not a git repository (or any of the parent directories): .git


----------

Wed Dec 01 2021 23:51:48 GMT-0600 (Central Standard Time)

fatal: not a git repository (or any of the parent directories): .git


----------

Wed Dec 01 2021 23:51:48 GMT-0600 (Central Standard Time)

fatal: not a git repository (or any of the parent directories): .git


----------

Wed Dec 01 2021 23:51:48 GMT-0600 (Central Standard Time)

fatal: not a git repository (or any of the parent directories): .git


----------

Tue Jun 07 2022 22:08:46 GMT-0500 (Central Daylight Time)

fatal: not a git repository (or any of the parent directories): .git


----------

Tue Jun 07 2022 22:08:46 GMT-0500 (Central Daylight Time)

fatal: not a git repository (or any of the parent directories): .git


----------

Tue Jun 07 2022 22:08:46 GMT-0500 (Central Daylight Time)

fatal: not a git repository (or any of the parent directories): .git


----------

Tue Jun 07 2022 22:10:56 GMT-0500 (Central Daylight Time)

fatal: not a git repository (or any of the parent directories): .git


----------

Tue Jun 07 2022 22:10:56 GMT-0500 (Central Daylight Time)

fatal: not a git repository (or any of the parent directories): .git


----------

Tue Jun 07 2022 22:10:56 GMT-0500 (Central Daylight Time)

fatal: not a git repository (or any of the parent directories): .git


----------

Tue Jun 07 2022 22:11:00 GMT-0500 (Central Daylight Time)

fatal: not a git repository (or any of the parent directories): .git


----------

Tue Jun 07 2022 22:11:01 GMT-0500 (Central Daylight Time)

fatal: not a git repository (or any of the parent directories): .git


----------

Tue Jun 07 2022 22:11:01 GMT-0500 (Central Daylight Time)

fatal: not a git repository (or any of the parent directories): .git


----------

Tue Jun 07 2022 22:33:00 GMT-0500 (Central Daylight Time)

fatal: not a git repository (or any of the parent directories): .git


----------

Tue Jun 07 2022 22:33:00 GMT-0500 (Central Daylight Time)

fatal: not a git repository (or any of the parent directories): .git


----------

Tue Jun 07 2022 22:33:00 GMT-0500 (Central Daylight Time)

fatal: not a git repository (or any of the parent directories): .git


----------

Fri Jun 10 2022 01:00:11 GMT-0500 (Central Daylight Time)

fatal: not a git repository (or any of the parent directories): .git


----------

Fri Jun 10 2022 01:00:11 GMT-0500 (Central Daylight Time)

fatal: not a git repository (or any of the parent directories): .git


----------

Fri Jun 10 2022 01:00:11 GMT-0500 (Central Daylight Time)

fatal: not a git repository (or any of the parent directories): .git


----------

Fri Jun 10 2022 01:02:30 GMT-0500 (Central Daylight Time)

fatal: not a git repository (or any of the parent directories): .git


----------

Fri Jun 10 2022 01:02:30 GMT-0500 (Central Daylight Time)

fatal: not a git repository (or any of the parent directories): .git


----------

Fri Jun 10 2022 01:02:30 GMT-0500 (Central Daylight Time)

fatal: not a git repository (or any of the parent directories): .git


----------

Mon Jun 13 2022 14:24:27 GMT-0500 (Central Daylight Time)

fatal: not a git repository (or any of the parent directories): .git


----------

Mon Jun 13 2022 14:24:27 GMT-0500 (Central Daylight Time)

fatal: not a git repository (or any of the parent directories): .git


----------

Mon Jun 13 2022 14:24:27 GMT-0500 (Central Daylight Time)

fatal: not a git repository (or any of the parent directories): .git


----------

Mon Jun 13 2022 14:27:45 GMT-0500 (Central Daylight Time)

fatal: not a git repository (or any of the parent directories): .git


----------

Mon Jun 13 2022 14:27:45 GMT-0500 (Central Daylight Time)

fatal: not a git repository (or any of the parent directories): .git


----------

Mon Jun 13 2022 14:27:45 GMT-0500 (Central Daylight Time)

fatal: not a git repository (or any of the parent directories): .git


----------

Mon Jun 13 2022 14:31:54 GMT-0500 (Central Daylight Time)

fatal: not a git repository (or any of the parent directories): .git


----------

Mon Jun 13 2022 14:31:54 GMT-0500 (Central Daylight Time)

fatal: not a git repository (or any of the parent directories): .git


----------

Mon Jun 13 2022 14:31:54 GMT-0500 (Central Daylight Time)

fatal: not a git repository (or any of the parent directories): .git


----------

Wed Jun 15 2022 18:17:48 GMT-0500 (Central Daylight Time)

2022-06-15 18:17:48.629 xcodebuild[41137:422193] [MT] DVTSDK: Warning: SDK path collision for path '<DVTFilePath:0x7fb76a858f90:'/Applications/Xcode-beta.app/Contents/Developer/Platforms/MacOSX.platform/Developer/SDKs/MacOSX13.sdk'>': SDK with name 'macosx13.0' being superseded by SDK with 'macosx13.0'.


----------

Wed Jun 15 2022 18:17:59 GMT-0500 (Central Daylight Time)

fatal: not a git repository (or any of the parent directories): .git


----------

Wed Jun 15 2022 18:17:59 GMT-0500 (Central Daylight Time)

fatal: not a git repository (or any of the parent directories): .git


----------

Wed Jun 15 2022 18:17:59 GMT-0500 (Central Daylight Time)

fatal: not a git repository (or any of the parent directories): .git


